Start testing: May 07 15:28 Afrique du Sud
----------------------------------------------------------
1/3 Testing: RulesTest
1/3 Test: RulesTest
Command: "C:/Users/Claudine/IntelliEditor/build/test_rules.exe"
Directory: C:/Users/Claudine/IntelliEditor/build
"RulesTest" start time: May 07 15:28 Afrique du Sud
Output:
----------------------------------------------------------
[==========] tests: Running 1 test(s).
[ RUN      ] test_load_rules
START TEST
AFTER LOAD
RULE COUNT: 6
[       OK ] test_load_rules
[==========] tests: 1 test(s) run.
[  PASSED  ] 1 test(s).
<end of output>
Test time =   0.60 sec
----------------------------------------------------------
Test Passed.
"RulesTest" end time: May 07 15:28 Afrique du Sud
"RulesTest" time elapsed: 00:00:00
----------------------------------------------------------

2/3 Testing: SectionTest
2/3 Test: SectionTest
Command: "C:/Users/Claudine/IntelliEditor/build/test_exist_section.exe"
Directory: C:/Users/Claudine/IntelliEditor/build
"SectionTest" start time: May 07 15:28 Afrique du Sud
Output:
----------------------------------------------------------
<end of output>
Test time =   0.50 sec
----------------------------------------------------------
Test Passed.
"SectionTest" end time: May 07 15:28 Afrique du Sud
"SectionTest" time elapsed: 00:00:00
----------------------------------------------------------

3/3 Testing: RegexCheckerTest
3/3 Test: RegexCheckerTest
Command: "C:/Users/Claudine/IntelliEditor/build/test_regex_checker.exe"
Directory: C:/Users/Claudine/IntelliEditor/build
"RegexCheckerTest" start time: May 07 15:28 Afrique du Sud
Output:
----------------------------------------------------------
<end of output>
Test time =   0.51 sec
----------------------------------------------------------
Test Passed.
"RegexCheckerTest" end time: May 07 15:28 Afrique du Sud
"RegexCheckerTest" time elapsed: 00:00:00
----------------------------------------------------------

End testing: May 07 15:28 Afrique du Sud
